2019/07/19 01:38:31 Log file set!
2019/07/19 01:38:31 errors.go:11: Parsed templates fom /templates
2019/07/19 01:38:31 main.go:90: Listening at : 5000
2019/07/19 01:38:48 errors.go:8: Error executing chat.html for 127.0.0.1
2019/07/19 01:38:48 errors.go:9: template: chat.html:15:14: executing "chat.html" at <.Name>: can't evaluate field Name in type models.FirstTime
2019/07/19 01:40:16 Log file set!
2019/07/19 01:40:16 errors.go:11: Parsed templates fom /templates
2019/07/19 01:40:16 main.go:90: Listening at : 5000
2019/07/19 01:41:29 main.go:58: Signal recieved interrupt
2019/07/19 01:41:29 chat.go:48: Starting Chat backup
2019/07/19 01:41:29 chat.go:68: Chat backup done!
2019/07/19 01:41:29 main.go:60: Exiting app
2019/07/19 01:41:29 main.go:61: 
2019/07/19 01:41:32 Log file set!
2019/07/19 01:41:32 errors.go:11: Parsed templates fom /templates
2019/07/19 01:41:32 main.go:90: Listening at : 5000
2019/07/19 01:41:47 chat.go:48: Starting Chat backup
2019/07/19 01:41:47 chat.go:68: Chat backup done!
2019/07/19 01:41:47 chat.go:48: Starting Chat backup
2019/07/19 01:41:47 chat.go:68: Chat backup done!
2019/07/19 01:41:50 chat.go:48: Starting Chat backup
2019/07/19 01:41:50 chat.go:68: Chat backup done!
2019/07/19 01:41:50 chat.go:48: Starting Chat backup
2019/07/19 01:41:50 chat.go:68: Chat backup done!
2019/07/19 01:42:40 chat.go:48: Starting Chat backup
2019/07/19 01:42:40 chat.go:68: Chat backup done!
2019/07/19 01:42:40 chat.go:48: Starting Chat backup
2019/07/19 01:42:40 chat.go:68: Chat backup done!
2019/07/19 01:42:46 chat.go:48: Starting Chat backup
2019/07/19 01:42:46 chat.go:68: Chat backup done!
2019/07/19 01:42:46 chat.go:48: Starting Chat backup
2019/07/19 01:42:46 chat.go:68: Chat backup done!
2019/07/19 01:44:22 main.go:58: Signal recieved interrupt
2019/07/19 01:44:22 chat.go:48: Starting Chat backup
2019/07/19 01:44:22 chat.go:68: Chat backup done!
2019/07/19 01:44:22 main.go:60: Exiting app
2019/07/19 01:44:22 main.go:61: 
2019/07/19 01:44:48 Log file set!
2019/07/19 01:44:48 errors.go:11: Parsed templates fom /templates
2019/07/19 01:44:48 main.go:90: Listening at : 5000
2019/07/19 01:44:50 chat.go:48: Starting Chat backup
2019/07/19 01:44:50 chat.go:68: Chat backup done!
2019/07/19 01:45:01 chat.go:48: Starting Chat backup
2019/07/19 01:45:01 chat.go:68: Chat backup done!
2019/07/19 01:45:01 chat.go:48: Starting Chat backup
2019/07/19 01:45:01 chat.go:68: Chat backup done!
2019/07/19 01:46:54 main.go:58: Signal recieved interrupt
2019/07/19 01:46:54 chat.go:48: Starting Chat backup
2019/07/19 01:46:54 chat.go:68: Chat backup done!
2019/07/19 01:46:54 main.go:60: Exiting app
2019/07/19 01:46:54 main.go:61: 
2019/07/19 01:46:57 Log file set!
2019/07/19 01:46:57 errors.go:11: Parsed templates fom /templates
2019/07/19 01:46:57 main.go:90: Listening at : 5000
2019/07/19 01:46:59 chat.go:48: Starting Chat backup
2019/07/19 01:46:59 chat.go:68: Chat backup done!
2019/07/19 01:47:05 chat.go:48: Starting Chat backup
2019/07/19 01:47:05 chat.go:68: Chat backup done!
2019/07/19 01:47:05 chat.go:48: Starting Chat backup
2019/07/19 01:47:05 chat.go:68: Chat backup done!
2019/07/19 01:47:25 chat.go:48: Starting Chat backup
2019/07/19 01:47:25 chat.go:68: Chat backup done!
2019/07/19 01:47:25 chat.go:48: Starting Chat backup
2019/07/19 01:47:25 chat.go:68: Chat backup done!
2019/07/19 01:48:37 main.go:58: Signal recieved interrupt
2019/07/19 01:48:37 chat.go:48: Starting Chat backup
2019/07/19 01:48:37 chat.go:68: Chat backup done!
2019/07/19 01:48:37 main.go:60: Exiting app
2019/07/19 01:48:37 main.go:61: 
2019/07/19 01:48:40 Log file set!
2019/07/19 01:48:40 errors.go:11: Parsed templates fom /templates
2019/07/19 01:48:40 errors.go:11: Loaded chats from db/chats.db
2019/07/19 01:48:40 main.go:90: Listening at : 5000
2019/07/19 01:48:49 chat.go:48: Starting Chat backup
2019/07/19 01:48:49 chat.go:68: Chat backup done!
2019/07/19 01:48:49 chat.go:48: Starting Chat backup
2019/07/19 01:48:49 chat.go:68: Chat backup done!
2019/07/19 01:51:54 main.go:58: Signal recieved interrupt
2019/07/19 01:51:54 chat.go:48: Starting Chat backup
2019/07/19 01:51:54 chat.go:68: Chat backup done!
2019/07/19 01:51:54 main.go:60: Exiting app
2019/07/19 01:51:54 main.go:61: 
2019/07/19 01:52:03 Log file set!
2019/07/19 01:52:03 errors.go:11: Parsed templates fom /templates
2019/07/19 01:52:03 errors.go:11: Loaded chats from db/chats.db
2019/07/19 01:52:03 main.go:90: Listening at : 5000
2019/07/19 01:52:15 chat.go:48: Starting Chat backup
2019/07/19 01:52:15 chat.go:68: Chat backup done!
2019/07/19 01:52:15 chat.go:48: Starting Chat backup
2019/07/19 01:52:15 chat.go:68: Chat backup done!
2019/07/19 01:52:24 chat.go:48: Starting Chat backup
2019/07/19 01:52:24 chat.go:68: Chat backup done!
2019/07/19 01:52:24 chat.go:48: Starting Chat backup
2019/07/19 01:52:24 chat.go:68: Chat backup done!
2019/07/19 01:52:36 chat.go:48: Starting Chat backup
2019/07/19 01:52:36 chat.go:68: Chat backup done!
2019/07/19 01:52:36 chat.go:48: Starting Chat backup
2019/07/19 01:52:36 chat.go:68: Chat backup done!
2019/07/19 01:52:48 chat.go:48: Starting Chat backup
2019/07/19 01:52:48 chat.go:68: Chat backup done!
2019/07/19 01:52:48 chat.go:48: Starting Chat backup
2019/07/19 01:52:48 chat.go:68: Chat backup done!
2019/07/19 01:53:01 chat.go:48: Starting Chat backup
2019/07/19 01:53:01 chat.go:68: Chat backup done!
2019/07/19 01:53:01 chat.go:48: Starting Chat backup
2019/07/19 01:53:01 chat.go:68: Chat backup done!
2019/07/19 01:53:41 main.go:58: Signal recieved interrupt
2019/07/19 01:53:41 chat.go:48: Starting Chat backup
2019/07/19 01:53:41 chat.go:68: Chat backup done!
2019/07/19 01:53:41 main.go:60: Exiting app
2019/07/19 01:53:41 main.go:61: 
